<?xml version="1.0" encoding="UTF-8"?>
<!-- Generated by org.testng.reporters.JUnitReportReporter -->
<testsuite hostname="DESKTOP-MQLKO6I" failures="0" tests="5" name="test.day2" time="0.000" errors="0" timestamp="2020-07-12T11:48:48 IST" skipped="0">
  <testcase classname="test.day2" name="credentials" time="0.000"/>
  <testcase classname="test.day2" name="credentials" time="0.000"/>
  <testcase classname="test.day2" name="day2Demo" time="0.000"/>
  <testcase classname="test.day2" name="day2Demo1" time="0.000"/>
  <testcase classname="test.day2" name="credentials" time="0.000"/>
</testsuite> <!-- test.day2 -->
