<?xml version="1.0" encoding="UTF-8"?>
<!-- Generated by org.testng.reporters.JUnitReportReporter -->
<testsuite hostname="DESKTOP-MQLKO6I" failures="0" tests="2" name="test.day1" time="0.036" errors="0" timestamp="2020-07-12T11:51:49 IST" skipped="0">
  <testcase classname="test.day1" name="day1Demo" time="0.027"/>
  <testcase classname="test.day1" name="day1Demo1" time="0.009"/>
</testsuite> <!-- test.day1 -->
