<?xml version="1.0" encoding="UTF-8"?>
<!-- Generated by org.testng.reporters.JUnitReportReporter -->
<testsuite hostname="DESKTOP-MQLKO6I" failures="0" tests="1" name="SeleniumFramework.Mavenjava.RestAssuredTest" time="0.001" errors="0" timestamp="2020-07-12T14:39:00 IST" skipped="0">
  <testcase classname="SeleniumFramework.Mavenjava.RestAssuredTest" name="GetDataRestAPI" time="0.001"/>
  <system-out/>
</testsuite> <!-- SeleniumFramework.Mavenjava.RestAssuredTest -->
