<?xml version="1.0" encoding="UTF-8"?>
<!-- Generated by org.testng.reporters.JUnitReportReporter -->
<testsuite hostname="DESKTOP-MQLKO6I" failures="0" tests="2" name="SeleniumFramework.Mavenjava.SeleniumTest" time="0.000" errors="0" timestamp="2020-07-12T14:49:26 IST" skipped="0">
  <testcase classname="SeleniumFramework.Mavenjava.SeleniumTest" name="BrowserAutomation" time="0.000"/>
  <system-out/>
  <testcase classname="SeleniumFramework.Mavenjava.SeleniumTest" name="UIAutomation" time="0.000"/>
  <system-out/>
</testsuite> <!-- SeleniumFramework.Mavenjava.SeleniumTest -->
