<?xml version="1.0" encoding="UTF-8"?>
<!-- Generated by org.testng.reporters.JUnitReportReporter -->
<testsuite hostname="DESKTOP-MQLKO6I" failures="0" tests="2" name="SeleniumFramework.Mavenjava.APITest" time="0.015" errors="0" timestamp="2020-07-12T14:49:13 IST" skipped="0">
  <testcase classname="SeleniumFramework.Mavenjava.APITest" name="PostDataAPI" time="0.015"/>
  <system-out/>
  <testcase classname="SeleniumFramework.Mavenjava.APITest" name="GetDataAPI" time="0.000"/>
  <system-out/>
</testsuite> <!-- SeleniumFramework.Mavenjava.APITest -->
