<?xml version="1.0" encoding="UTF-8"?>
<!-- Generated by org.testng.reporters.JUnitReportReporter -->
<testsuite hostname="DESKTOP-MQLKO6I" failures="0" tests="1" name="testCases.loginApplicationPF" time="11.462" errors="0" timestamp="2020-07-16T20:32:12 IST" skipped="0">
  <testcase classname="testCases.loginApplicationPF" name="logIn" time="11.462"/>
</testsuite> <!-- testCases.loginApplicationPF -->
