<?xml version="1.0" encoding="UTF-8"?>
<!-- Generated by org.testng.reporters.JUnitReportReporter -->
<testsuite hostname="DESKTOP-MQLKO6I" failures="0" tests="1" name="testCases.loginApplication" time="15.339" errors="0" timestamp="2020-07-16T20:12:58 IST" skipped="0">
  <testcase classname="testCases.loginApplication" name="logIn" time="15.339"/>
</testsuite> <!-- testCases.loginApplication -->
