<?xml version="1.0" encoding="UTF-8"?>
<!-- Generated by org.testng.reporters.JUnitReportReporter -->
<testsuite hostname="DESKTOP-MQLKO6I" failures="0" tests="1" name="ExtentReports.Demo.ExtentReportDemo" time="10.870" errors="0" timestamp="2020-07-12T20:51:57 IST" skipped="0">
  <testcase classname="ExtentReports.Demo.ExtentReportDemo" name="initialDemo" time="10.870"/>
</testsuite> <!-- ExtentReports.Demo.ExtentReportDemo -->
